<?xml version="1.0" encoding="UTF-8"?>
<testsuite name="net.ict.springex.mapper.TodoMapperTest" tests="1" skipped="0" failures="0" errors="0" timestamp="2022-11-14T08:05:31" hostname="HP노트북" time="0.081">
  <properties/>
  <testcase name="testInsert()" classname="net.ict.springex.mapper.TodoMapperTest" time="0.081"/>
  <system-out><![CDATA[05:05:30  INFO [org.springframework.test.context.support.DefaultTestContextBootstrapper] Loaded default TestExecutionListener class names from location [META-INF/spring.factories]: [org.springframework.test.context.web.ServletTestExecutionListener, org.springframework.test.context.support.DirtiesContextBeforeModesTestExecutionListener, org.springframework.test.context.event.ApplicationEventsTestExecutionListener, org.springframework.test.context.support.DependencyInjectionTestExecutionListener, org.springframework.test.context.support.DirtiesContextTestExecutionListener, org.springframework.test.context.transaction.TransactionalTestExecutionListener, org.springframework.test.context.jdbc.SqlScriptsTestExecutionListener, org.springframework.test.context.event.EventPublishingTestExecutionListener]
05:05:30  INFO [org.springframework.test.context.support.DefaultTestContextBootstrapper] Using TestExecutionListeners: [org.springframework.test.context.support.DirtiesContextBeforeModesTestExecutionListener@aed0151, org.springframework.test.context.event.ApplicationEventsTestExecutionListener@267bbe1a, org.springframework.test.context.support.DependencyInjectionTestExecutionListener@1f12e153, org.springframework.test.context.support.DirtiesContextTestExecutionListener@389562d6, org.springframework.test.context.transaction.TransactionalTestExecutionListener@5a101b1c, org.springframework.test.context.jdbc.SqlScriptsTestExecutionListener@2160e52a, org.springframework.test.context.event.EventPublishingTestExecutionListener@29f0802c]
05:05:30  INFO [com.zaxxer.hikari.HikariDataSource] HikariPool-1 - Starting...
05:05:30  INFO [com.zaxxer.hikari.pool.HikariPool] HikariPool-1 - Added connection org.mariadb.jdbc.Connection@65b97f47
05:05:30  INFO [com.zaxxer.hikari.HikariDataSource] HikariPool-1 - Start completed.
]]></system-out>
  <system-err><![CDATA[]]></system-err>
</testsuite>
